<?xml version="1.0" encoding="UTF-8"?>
<!-- Generated by org.testng.reporters.JUnitReportReporter -->
<testsuite hostname="LAPTOP-L3U1AE8Q" failures="0" tests="1" name="com.inetBanking.testCases.TC_LoginTest_001" time="7.033" errors="0" timestamp="2022-03-09T16:16:01 PST" skipped="0">
  <testcase classname="com.inetBanking.testCases.TC_LoginTest_001" name="loginTest" time="7.033"/>
  <system-out/>
</testsuite> <!-- com.inetBanking.testCases.TC_LoginTest_001 -->
