<?xml version="1.0" encoding="UTF-8"?>
<!-- Generated by org.testng.reporters.JUnitReportReporter -->
<testsuite hostname="LAPTOP-L3U1AE8Q" failures="0" tests="3" name="com.inetBanking.testCases.TC_LoginDDT_002" time="50.516" errors="0" timestamp="2022-03-09T17:45:08 PST" skipped="0">
  <testcase classname="com.inetBanking.testCases.TC_LoginDDT_002" name="LoginDDT" time="16.743"/>
  <system-out/>
  <testcase classname="com.inetBanking.testCases.TC_LoginDDT_002" name="LoginDDT" time="16.708"/>
  <system-out/>
  <testcase classname="com.inetBanking.testCases.TC_LoginDDT_002" name="LoginDDT" time="17.065"/>
  <system-out/>
</testsuite> <!-- com.inetBanking.testCases.TC_LoginDDT_002 -->
